20-03-2026 11:16:28 - Login realizado: GBA
20-03-2026 11:17:11 - Logout realizado: GBA
----------------------------------------------------
20-03-2026 11:18:59 - Login realizado: Felipe
20-03-2026 11:19:11 - Logout realizado: Felipe
----------------------------------------------------
20-03-2026 11:20:34 - Login realizado: GBA
20-03-2026 12:52:09 - Login realizado: GBA
20-03-2026 13:17:50 - Logout realizado: GBA
----------------------------------------------------
20-03-2026 13:37:16 - Login realizado: GBA
20-03-2026 13:37:20 - Login realizado: GBA
20-03-2026 13:38:44 - Login realizado: GBA
20-03-2026 13:45:53 - Logout realizado: GBA
----------------------------------------------------
20-03-2026 13:48:51 - Login realizado: GBA
20-03-2026 13:54:16 - Logout realizado: GBA
----------------------------------------------------
20-03-2026 13:54:37 - Login realizado: GBA
20-03-2026 13:54:47 - Login realizado: GBA
20-03-2026 13:54:50 - Logout realizado: GBA
----------------------------------------------------
20-03-2026 14:34:55 - Login realizado: GBA
20-03-2026 14:35:19 - Logout realizado: GBA
----------------------------------------------------
20-03-2026 14:46:40 - Login realizado: GBA
20-03-2026 14:47:25 - Login realizado: GBA
20-03-2026 14:47:28 - Logout realizado: GBA
----------------------------------------------------
23-03-2026 08:06:39 - Login realizado: GBA
